# JRE version: OpenJDK Runtime Environment (8.0_152-b01) (build 1.8.0_152-release-915-b01)
# Java VM: OpenJDK 64-Bit Server VM (25.152-b01 mixed mode linux-amd64 compressed oops)
Heap:
 PSYoungGen      total 363520K, used 17912K [0x00000000e0000000, 0x00000000f7480000, 0x0000000100000000)
  eden space 345600K, 0% used [0x00000000e0000000,0x00000000e0000000,0x00000000f5180000)
  from space 17920K, 99% used [0x00000000f5180000,0x00000000f62fe2d0,0x00000000f6300000)
  to   space 12800K, 0% used [0x00000000f6800000,0x00000000f6800000,0x00000000f7480000)
 ParOldGen       total 61440K, used 48628K [0x00000000a0000000, 0x00000000a3c00000, 0x00000000e0000000)
  object space 61440K, 79% used [0x00000000a0000000,0x00000000a2f7d1c8,0x00000000a3c00000)
 Metaspace       used 74415K, capacity 77856K, committed 78100K, reserved 1116160K
  class space    used 9596K, capacity 10465K, committed 10556K, reserved 1048576K
GC Heap History (10 events):
Event: 159.210 GC heap after
Heap after GC invocations=17 (full 2):
 PSYoungGen      total 188416K, used 288K [0x00000000e0000000, 0x00000000f2080000, 0x0000000100000000)
  eden space 173568K, 0% used [0x00000000e0000000,0x00000000e0000000,0x00000000ea980000)
  from space 14848K, 1% used [0x00000000ea980000,0x00000000ea9c8000,0x00000000eb800000)
  to   space 15360K, 0% used [0x00000000f1180000,0x00000000f1180000,0x00000000f2080000)
 ParOldGen       total 44032K, used 30823K [0x00000000a0000000, 0x00000000a2b00000, 0x00000000e0000000)
  object space 44032K, 70% used [0x00000000a0000000,0x00000000a1e19fa8,0x00000000a2b00000)
 Metaspace       used 56752K, capacity 58994K, committed 59028K, reserved 1099776K
  class space    used 7462K, capacity 8094K, committed 8124K, reserved 1048576K
}
Event: 159.210 GC heap before
{Heap before GC invocations=18 (full 3):
 PSYoungGen      total 188416K, used 288K [0x00000000e0000000, 0x00000000f2080000, 0x0000000100000000)
  eden space 173568K, 0% used [0x00000000e0000000,0x00000000e0000000,0x00000000ea980000)
  from space 14848K, 1% used [0x00000000ea980000,0x00000000ea9c8000,0x00000000eb800000)
  to   space 15360K, 0% used [0x00000000f1180000,0x00000000f1180000,0x00000000f2080000)
 ParOldGen       total 44032K, used 30823K [0x00000000a0000000, 0x00000000a2b00000, 0x00000000e0000000)
  object space 44032K, 70% used [0x00000000a0000000,0x00000000a1e19fa8,0x00000000a2b00000)
 Metaspace       used 56752K, capacity 58994K, committed 59028K, reserved 1099776K
  class space    used 7462K, capacity 8094K, committed 8124K, reserved 1048576K
Event: 159.464 GC heap after
Heap after GC invocations=18 (full 3):
 PSYoungGen      total 188416K, used 0K [0x00000000e0000000, 0x00000000f2080000, 0x0000000100000000)
  eden space 173568K, 0% used [0x00000000e0000000,0x00000000e0000000,0x00000000ea980000)
  from space 14848K, 0% used [0x00000000ea980000,0x00000000ea980000,0x00000000eb800000)
  to   space 15360K, 0% used [0x00000000f1180000,0x00000000f1180000,0x00000000f2080000)
 ParOldGen       total 61440K, used 28454K [0x00000000a0000000, 0x00000000a3c00000, 0x00000000e0000000)
  object space 61440K, 46% used [0x00000000a0000000,0x00000000a1bc9b40,0x00000000a3c00000)
 Metaspace       used 56725K, capacity 58906K, committed 59028K, reserved 1099776K
  class space    used 7454K, capacity 8086K, committed 8124K, reserved 1048576K
}
Event: 193.480 GC heap before
{Heap before GC invocations=19 (full 3):
 PSYoungGen      total 188416K, used 173568K [0x00000000e0000000, 0x00000000f2080000, 0x0000000100000000)
  eden space 173568K, 100% used [0x00000000e0000000,0x00000000ea980000,0x00000000ea980000)
  from space 14848K, 0% used [0x00000000ea980000,0x00000000ea980000,0x00000000eb800000)
  to   space 15360K, 0% used [0x00000000f1180000,0x00000000f1180000,0x00000000f2080000)
 ParOldGen       total 61440K, used 28454K [0x00000000a0000000, 0x00000000a3c00000, 0x00000000e0000000)
  object space 61440K, 46% used [0x00000000a0000000,0x00000000a1bc9b40,0x00000000a3c00000)
 Metaspace       used 66515K, capacity 69100K, committed 69396K, reserved 1110016K
  class space    used 8739K, capacity 9431K, committed 9532K, reserved 1048576K
Event: 193.512 GC heap after
Heap after GC invocations=19 (full 3):
 PSYoungGen      total 276992K, used 15341K [0x00000000e0000000, 0x00000000f2680000, 0x0000000100000000)
  eden space 261632K, 0% used [0x00000000e0000000,0x00000000e0000000,0x00000000eff80000)
  from space 15360K, 99% used [0x00000000f1180000,0x00000000f207b7d8,0x00000000f2080000)
  to   space 18432K, 0% used [0x00000000eff80000,0x00000000eff80000,0x00000000f1180000)
 ParOldGen       total 61440K, used 30476K [0x00000000a0000000, 0x00000000a3c00000, 0x00000000e0000000)
  object space 61440K, 49% used [0x00000000a0000000,0x00000000a1dc3068,0x00000000a3c00000)
 Metaspace       used 66515K, capacity 69100K, committed 69396K, reserved 1110016K
  class space    used 8739K, capacity 9431K, committed 9532K, reserved 1048576K
}
Event: 207.302 GC heap before
{Heap before GC invocations=20 (full 3):
 PSYoungGen      total 276992K, used 276361K [0x00000000e0000000, 0x00000000f2680000, 0x0000000100000000)
  eden space 261632K, 99% used [0x00000000e0000000,0x00000000efee6ee0,0x00000000eff80000)
  from space 15360K, 99% used [0x00000000f1180000,0x00000000f207b7d8,0x00000000f2080000)
  to   space 18432K, 0% used [0x00000000eff80000,0x00000000eff80000,0x00000000f1180000)
 ParOldGen       total 61440K, used 30476K [0x00000000a0000000, 0x00000000a3c00000, 0x00000000e0000000)
  object space 61440K, 49% used [0x00000000a0000000,0x00000000a1dc3068,0x00000000a3c00000)
 Metaspace       used 70684K, capacity 73458K, committed 73748K, reserved 1114112K
  class space    used 9208K, capacity 9936K, committed 10044K, reserved 1048576K
Event: 207.370 GC heap after
Heap after GC invocations=20 (full 3):
 PSYoungGen      total 280064K, used 10624K [0x00000000e0000000, 0x00000000f7a00000, 0x0000000100000000)
  eden space 261632K, 0% used [0x00000000e0000000,0x00000000e0000000,0x00000000eff80000)
  from space 18432K, 57% used [0x00000000eff80000,0x00000000f09e0160,0x00000000f1180000)
  to   space 18432K, 0% used [0x00000000f6800000,0x00000000f6800000,0x00000000f7a00000)
 ParOldGen       total 61440K, used 43575K [0x00000000a0000000, 0x00000000a3c00000, 0x00000000e0000000)
  object space 61440K, 70% used [0x00000000a0000000,0x00000000a2a8df08,0x00000000a3c00000)
 Metaspace       used 70684K, capacity 73458K, committed 73748K, reserved 1114112K
  class space    used 9208K, capacity 9936K, committed 10044K, reserved 1048576K
}
Event: 358.566 GC heap before
{Heap before GC invocations=21 (full 3):
 PSYoungGen      total 280064K, used 272256K [0x00000000e0000000, 0x00000000f7a00000, 0x0000000100000000)
  eden space 261632K, 100% used [0x00000000e0000000,0x00000000eff80000,0x00000000eff80000)
  from space 18432K, 57% used [0x00000000eff80000,0x00000000f09e0160,0x00000000f1180000)
  to   space 18432K, 0% used [0x00000000f6800000,0x00000000f6800000,0x00000000f7a00000)
 ParOldGen       total 61440K, used 43575K [0x00000000a0000000, 0x00000000a3c00000, 0x00000000e0000000)
  object space 61440K, 70% used [0x00000000a0000000,0x00000000a2a8df08,0x00000000a3c00000)
 Metaspace       used 73042K, capacity 76322K, committed 76436K, reserved 1116160K
  class space    used 9538K, capacity 10396K, committed 10428K, reserved 1048576K
Event: 358.743 GC heap after
Heap after GC invocations=21 (full 3):
 PSYoungGen      total 358400K, used 4759K [0x00000000e0000000, 0x00000000f7480000, 0x0000000100000000)
  eden space 345600K, 0% used [0x00000000e0000000,0x00000000e0000000,0x00000000f5180000)
  from space 12800K, 37% used [0x00000000f6800000,0x00000000f6ca5e58,0x00000000f7480000)
  to   space 17920K, 0% used [0x00000000f5180000,0x00000000f5180000,0x00000000f6300000)
 ParOldGen       total 61440K, used 44972K [0x00000000a0000000, 0x00000000a3c00000, 0x00000000e0000000)
  object space 61440K, 73% used [0x00000000a0000000,0x00000000a2beb368,0x00000000a3c00000)
 Metaspace       used 73042K, capacity 76322K, committed 76436K, reserved 1116160K
  class space    used 9538K, capacity 10396K, committed 10428K, reserved 1048576K
}
Event: 378.386 GC heap before
{Heap before GC invocations=22 (full 3):
 PSYoungGen      total 358400K, used 349897K [0x00000000e0000000, 0x00000000f7480000, 0x0000000100000000)
  eden space 345600K, 99% used [0x00000000e0000000,0x00000000f510c698,0x00000000f5180000)
  from space 12800K, 37% used [0x00000000f6800000,0x00000000f6ca5e58,0x00000000f7480000)
  to   space 17920K, 0% used [0x00000000f5180000,0x00000000f5180000,0x00000000f6300000)
 ParOldGen       total 61440K, used 44972K [0x00000000a0000000, 0x00000000a3c00000, 0x00000000e0000000)
  object space 61440K, 73% used [0x00000000a0000000,0x00000000a2beb368,0x00000000a3c00000)
 Metaspace       used 74415K, capacity 77856K, committed 78100K, reserved 1116160K
  class space    used 9596K, capacity 10465K, committed 10556K, reserved 1048576K

